
  @@@@@@@@@@@@@@@@@@@@@@@@@@
  @@@                    @@@
  @@@   excess-salt-solubility-rk-fit   @@@
  @@@                    @@@
  @@@@@@@@@@@@@@@@@@@@@@@@@@

Performs curve fitting of ternary Redlich-Kister equation
Authors: Osvaldo Chiavone Filho (osvaldo@nupeg.ufrn.br) and Ruben O. Chiavone
UFRN - 2016

[[Configurations]]
    x1 = Water
    x2 = MEG
    x3 = NaCl

    x1.density = 1.99708
    x2.density = 1.10978
    x3.density = 2.165
[[Experimental Data]]
      z1        z2         T        soly
    1.00000   0.00000   298.15   1.99708
    0.95000   0.05000   298.15   1.00328
    0.90280   0.09720   298.15   1.00948
    0.90000   0.10000   298.15   1.00952
    0.85000   0.15000   298.15   1.01619
    0.80180   0.19820   298.15   1.02257
    0.80000   0.20000   298.15   1.02274
    0.70280   0.29720   298.15   1.03558
    0.70000   0.30000   298.15   1.03613
    0.60190   0.39810   298.15   1.04909
    0.60000   0.40000   298.15   1.04916
    0.50080   0.49920   298.15   1.06184
    0.50000   0.50000   298.15   1.06173
    0.40110   0.59890   298.15   1.07360
    0.40000   0.60000   298.15   1.07383
    0.30000   0.70000   298.15   1.08449
    0.20100   0.79900   298.15   1.09416
    0.20000   0.80000   298.15   1.09415
    0.10050   0.89950   298.15   1.10256
    0.00230   0.99770   298.15   1.10970
    0.79940   0.20060   298.15   1.02276
    0.70040   0.29960   298.15   1.03595
    0.60080   0.39920   298.15   1.04907
    0.49990   0.50010   298.15   1.06176
    0.40110   0.59890   298.15   1.07360
    0.40020   0.59980   298.15   1.07378
    0.30010   0.69990   298.15   1.08458
    0.20020   0.79980   298.15   1.09414
    0.10010   0.89990   298.15   1.10239
    0.10050   0.89950   298.15   1.10256
    0.10000   0.90000   298.15   1.10250
    0.05000   0.95000   298.15   1.10635
    0.01500   0.98500   298.15   1.10863
    0.00000   1.00000   298.15   1.10978
[[Fit Statistics]]
    # fitting method   = leastsq
    # function evals   = 39
    # data points      = 34
    # variables        = 3
    chi-square         = 23.8824962
    reduced chi-square = 0.77040310
    Akaike info crit   = -6.00930014
    Bayesian info crit = -1.43021857
##  Warning: uncertainties could not be estimated:
[[Variables]]
    d1:       1.99708 (fixed)
    d2:       1.10978 (fixed)
    d3:       2.165 (fixed)
    rkp12_1:  234384.012 (init = 0)
    rkp12_2:  5.7792e-10 (init = 0)
    rkp12_3:  0.00000000 (init = 0)
[[Results]]
      z1        z2         T        soly    soly_clc      err
    1.00000   0.00000   298.15   1.99708   0.00692   1.9901631
    0.95000   0.05000   298.15   1.00328   0.02016   0.9831162
    0.90280   0.09720   298.15   1.00948   0.04963   0.9598517
    0.90000   0.10000   298.15   1.00952   0.05218   0.9573425
    0.85000   0.15000   298.15   1.01619   0.11983   0.8963608
    0.80180   0.19820   298.15   1.02257   0.23850   0.7840699
    0.80000   0.20000   298.15   1.02274   0.24418   0.7785567
    0.70280   0.29720   298.15   1.03558   0.69135   0.3442308
    0.70000   0.30000   298.15   1.03613   0.70761   0.3285199
    0.60190   0.39810   298.15   1.04909   1.25824   0.2091527
    0.60000   0.40000   298.15   1.04916   1.26651   0.2173510
    0.50080   0.49920   298.15   1.06184   1.39668   0.3348445
    0.50000   0.50000   298.15   1.06173   1.39506   0.3333277
    0.40110   0.59890   298.15   1.07360   0.94727   0.1263304
    0.40000   0.60000   298.15   1.07383   0.94063   0.1331979
    0.30000   0.70000   298.15   1.08449   0.38498   0.6995146
    0.20100   0.79900   298.15   1.09416   0.09585   0.9983051
    0.20000   0.80000   298.15   1.09415   0.09427   0.9998813
    0.10050   0.89950   298.15   1.10256   0.01358   1.0889789
    0.00230   0.99770   298.15   1.10970   0.00111   1.1085866
    0.79940   0.20060   298.15   1.02276   0.24610   0.7766609
    0.70040   0.29960   298.15   1.03595   0.70528   0.3306698
    0.60080   0.39920   298.15   1.04907   1.26305   0.2139799
    0.49990   0.50010   298.15   1.06176   1.39485   0.3330914
    0.40110   0.59890   298.15   1.07360   0.94727   0.1263304
    0.40020   0.59980   298.15   1.07378   0.94184   0.1319403
    0.30010   0.69990   298.15   1.08458   0.38542   0.6991629
    0.20020   0.79980   298.15   1.09414   0.09458   0.9995558
    0.10010   0.89990   298.15   1.10239   0.01346   1.0889297
    0.10050   0.89950   298.15   1.10256   0.01358   1.0889789
    0.10000   0.90000   298.15   1.10250   0.01343   1.0890697
    0.05000   0.95000   298.15   1.10635   0.00407   1.1022845
    0.01500   0.98500   298.15   1.10863   0.00160   1.1070327
    0.00000   1.00000   298.15   1.10978   0.00104   1.1087384
    
    Mean deviation: 0.719650223
    Max deviation:  1.990163139
